<?xml version="1.0" encoding="UTF-8"?>
<!-- Generated by org.testng.reporters.JUnitReportReporter -->
<testsuite hostname="SLIDEQA2" failures="1" tests="7" name="testCases.NewlyProducts" time="127.645" errors="0" timestamp="2022-05-20T16:19:11 IST" skipped="0">
  <testcase classname="testCases.NewlyProducts" name="checkResolutionForNewlyProducts" time="39.515"/>
  <system-out/>
  <testcase classname="testCases.NewlyProducts" name="checkResolutionForNewlyProducts" time="21.217"/>
  <system-out/>
  <testcase classname="testCases.NewlyProducts" name="checkResolutionForNewlyProducts" time="10.962"/>
  <system-out/>
  <testcase classname="testCases.NewlyProducts" name="checkResolutionForNewlyProducts" time="21.265"/>
  <system-out/>
  <testcase classname="testCases.NewlyProducts" name="checkResolutionForNewlyProducts" time="10.658"/>
  <system-out/>
  <testcase classname="testCases.NewlyProducts" name="checkResolutionForNewlyProducts" time="9.296">
    <failure message="image is not displayed properly expected [true] but found [false]" type="java.lang.AssertionError">
      <![CDATA[java.lang.AssertionError: image is not displayed properly expected [true] but found [false]
at org.testng.Assert.fail(Assert.java:110)
at org.testng.Assert.failNotEquals(Assert.java:1413)
at org.testng.Assert.assertTrue(Assert.java:56)
at testCases.BaseClass.checkResolutionForNewlyAndPopular(BaseClass.java:183)
at testCases.NewlyProducts.checkResolutionForNewlyProducts(NewlyProducts.java:31)
at java.base/jdk.internal.reflect.NativeMethodAccessorImpl.invoke0(Native Method)
at java.base/jdk.internal.reflect.NativeMethodAccessorImpl.invoke(NativeMethodAccessorImpl.java:77)
at java.base/jdk.internal.reflect.DelegatingMethodAccessorImpl.invoke(DelegatingMethodAccessorImpl.java:43)
at java.base/java.lang.reflect.Method.invoke(Method.java:568)
at org.testng.internal.invokers.MethodInvocationHelper.invokeMethod(MethodInvocationHelper.java:135)
at org.testng.internal.invokers.TestInvoker.invokeMethod(TestInvoker.java:673)
at org.testng.internal.invokers.TestInvoker.invokeTestMethod(TestInvoker.java:220)
at org.testng.internal.invokers.MethodRunner.runInSequence(MethodRunner.java:50)
at org.testng.internal.invokers.TestInvoker$MethodInvocationAgent.invoke(TestInvoker.java:945)
at org.testng.internal.invokers.TestInvoker.invokeTestMethods(TestInvoker.java:193)
at org.testng.internal.invokers.TestMethodWorker.invokeTestMethods(TestMethodWorker.java:146)
at org.testng.internal.invokers.TestMethodWorker.run(TestMethodWorker.java:128)
at java.base/java.util.ArrayList.forEach(ArrayList.java:1511)
at org.testng.TestRunner.privateRun(TestRunner.java:808)
at org.testng.TestRunner.run(TestRunner.java:603)
at org.testng.SuiteRunner.runTest(SuiteRunner.java:429)
at org.testng.SuiteRunner.runSequentially(SuiteRunner.java:423)
at org.testng.SuiteRunner.privateRun(SuiteRunner.java:383)
at org.testng.SuiteRunner.run(SuiteRunner.java:326)
at org.testng.SuiteRunnerWorker.runSuite(SuiteRunnerWorker.java:52)
at org.testng.SuiteRunnerWorker.run(SuiteRunnerWorker.java:95)
at org.testng.TestNG.runSuitesSequentially(TestNG.java:1249)
at org.testng.TestNG.runSuitesLocally(TestNG.java:1169)
at org.testng.TestNG.runSuites(TestNG.java:1092)
at org.testng.TestNG.run(TestNG.java:1060)
at org.apache.maven.surefire.testng.TestNGExecutor.run(TestNGExecutor.java:295)
at org.apache.maven.surefire.testng.TestNGXmlTestSuite.execute(TestNGXmlTestSuite.java:84)
at org.apache.maven.surefire.testng.TestNGProvider.invoke(TestNGProvider.java:90)
at org.apache.maven.surefire.booter.ForkedBooter.invokeProviderInSameClassLoader(ForkedBooter.java:203)
at org.apache.maven.surefire.booter.ForkedBooter.runSuitesInProcess(ForkedBooter.java:155)
at org.apache.maven.surefire.booter.ForkedBooter.main(ForkedBooter.java:103)
]]>
    </failure>
  </testcase> <!-- checkResolutionForNewlyProducts -->
  <system-out/>
  <testcase classname="testCases.NewlyProducts" name="checkResolutionForNewlyProducts" time="14.732"/>
  <system-out/>
</testsuite> <!-- testCases.NewlyProducts -->
